test_user_login_normal (test.user.test_user_login2.TestUserLogin)
level1:æ­£å¸¸ç™»é™† ... ok
test_user_login_password_wrong (test.user.test_user_login2.TestUserLogin)
å¯†ç é”™è¯¯ç™»é™† ... ok
test_user_reg_exist (test.user.test_user_reg2.TestUserReg) ... ok
test_user_reg_normal (test.user.test_user_reg2.TestUserReg)
level1:æ­£å¸¸ç™»é™† ... ok
test_user_login_normal (user.test_user_login.TestUserLogin) ... ok
test_user_login_normal (user.test_user_login2.TestUserLogin)
level1:æ­£å¸¸ç™»é™† ... ok
test_user_login_password_wrong (user.test_user_login2.TestUserLogin)
å¯†ç é”™è¯¯ç™»é™† ... ok
user.test_user_reg (unittest.loader.ModuleImportFailure) ... ERROR
test_user_reg_normal (user.test_user_reg1.TestUserReg) ... ok
test_user_reg_exist (user.test_user_reg2.TestUserReg) ... ok
test_user_reg_normal (user.test_user_reg2.TestUserReg)
level1:æ­£å¸¸ç™»é™† ... ok

======================================================================
ERROR: user.test_user_reg (unittest.loader.ModuleImportFailure)
----------------------------------------------------------------------
ImportError: Failed to import test module: user.test_user_reg
Traceback (most recent call last):
  File "C:\Python27\lib\unittest\loader.py", line 254, in _find_tests
    module = self._get_module_from_name(name)
  File "C:\Python27\lib\unittest\loader.py", line 232, in _get_module_from_name
    __import__(name)
  File "D:\¹¤×÷\python\Domo\test\user\test_user_reg.py", line 4, in <module>
    import db
  File "D:\¹¤×÷\python\Domo\db.py", line 14, in <module>
    charset='utf8')  # å¦‚æœæŸ¥è¯¢æœ‰ä¸­æ–‡éœ€è¦æŒ‡å®šæ•°æ®åº“ç¼–ç 
  File "C:\Python27\lib\site-packages\pymysql\__init__.py", line 94, in Connect
    return Connection(*args, **kwargs)
  File "C:\Python27\lib\site-packages\pymysql\connections.py", line 327, in __init__
    self.connect()
  File "C:\Python27\lib\site-packages\pymysql\connections.py", line 629, in connect
    raise exc
OperationalError: (2003, "Can't connect to MySQL server on '10.41.120.153' (timed out)")


----------------------------------------------------------------------
Ran 11 tests in 1.138s

FAILED (errors=1)
